Determining if the pthread_create exist failed with the following output:
Change Dir: /home/pi/ros_catkin_ws/build_isolated/image_pipeline/CMakeFiles/CMakeTmp

Run Build Command:"/usr/bin/make" "cmTryCompileExec113262918/fast"
/usr/bin/make -f CMakeFiles/cmTryCompileExec113262918.dir/build.make CMakeFiles/cmTryCompileExec113262918.dir/build
make[1]: Entering directory '/home/pi/ros_catkin_ws/build_isolated/image_pipeline/CMakeFiles/CMakeTmp'
/usr/bin/cmake -E cmake_progress_report /home/pi/ros_catkin_ws/build_isolated/image_pipeline/CMakeFiles/CMakeTmp/CMakeFiles 1
Building C object CMakeFiles/cmTryCompileExec113262918.dir/CheckSymbolExists.c.o
/usr/bin/cc    -o CMakeFiles/cmTryCompileExec113262918.dir/CheckSymbolExists.c.o   -c /home/pi/ros_catkin_ws/build_isolated/image_pipeline/CMakeFiles/CMakeTmp/CheckSymbolExists.c
Linking C executable cmTryCompileExec113262918
/usr/bin/cmake -E cmake_link_script CMakeFiles/cmTryCompileExec113262918.dir/link.txt --verbose=1
/usr/bin/cc       CMakeFiles/cmTryCompileExec113262918.dir/CheckSymbolExists.c.o  -o cmTryCompileExec113262918 -rdynamic 
CMakeFiles/cmTryCompileExec113262918.dir/CheckSymbolExists.c.o: In function `main':
CheckSymbolExists.c:(.text+0x38): undefined reference to `pthread_create'
collect2: error: ld returned 1 exit status
CMakeFiles/cmTryCompileExec113262918.dir/build.make:88: recipe for target 'cmTryCompileExec113262918' failed
make[1]: Leaving directory '/home/pi/ros_catkin_ws/build_isolated/image_pipeline/CMakeFiles/CMakeTmp'
make[1]: *** [cmTryCompileExec113262918] Error 1
Makefile:118: recipe for target 'cmTryCompileExec113262918/fast' failed
make: *** [cmTryCompileExec113262918/fast] Error 2

File /home/pi/ros_catkin_ws/build_isolated/image_pipeline/CMakeFiles/CMakeTmp/CheckSymbolExists.c:
/* */
#include <pthread.h>

int main(int argc, char** argv)
{
  (void)argv;
#ifndef pthread_create
  return ((int*)(&pthread_create))[argc];
#else
  (void)argc;
  return 0;
#endif
}

Determining if the function pthread_create exists in the pthreads failed with the following output:
Change Dir: /home/pi/ros_catkin_ws/build_isolated/image_pipeline/CMakeFiles/CMakeTmp

Run Build Command:"/usr/bin/make" "cmTryCompileExec1568667161/fast"
/usr/bin/make -f CMakeFiles/cmTryCompileExec1568667161.dir/build.make CMakeFiles/cmTryCompileExec1568667161.dir/build
make[1]: Entering directory '/home/pi/ros_catkin_ws/build_isolated/image_pipeline/CMakeFiles/CMakeTmp'
/usr/bin/cmake -E cmake_progress_report /home/pi/ros_catkin_ws/build_isolated/image_pipeline/CMakeFiles/CMakeTmp/CMakeFiles 1
Building C object CMakeFiles/cmTryCompileExec1568667161.dir/CheckFunctionExists.c.o
/usr/bin/cc   -DCHECK_FUNCTION_EXISTS=pthread_create   -o CMakeFiles/cmTryCompileExec1568667161.dir/CheckFunctionExists.c.o   -c /usr/share/cmake-3.0/Modules/CheckFunctionExists.c
Linking C executable cmTryCompileExec1568667161
/usr/bin/cmake -E cmake_link_script CMakeFiles/cmTryCompileExec1568667161.dir/link.txt --verbose=1
/usr/bin/cc   -DCHECK_FUNCTION_EXISTS=pthread_create    CMakeFiles/cmTryCompileExec1568667161.dir/CheckFunctionExists.c.o  -o cmTryCompileExec1568667161 -rdynamic -lpthreads 
/usr/bin/ld: cannot find -lpthreads
collect2: error: ld returned 1 exit status
CMakeFiles/cmTryCompileExec1568667161.dir/build.make:88: recipe for target 'cmTryCompileExec1568667161' failed
make[1]: Leaving directory '/home/pi/ros_catkin_ws/build_isolated/image_pipeline/CMakeFiles/CMakeTmp'
make[1]: *** [cmTryCompileExec1568667161] Error 1
Makefile:118: recipe for target 'cmTryCompileExec1568667161/fast' failed
make: *** [cmTryCompileExec1568667161/fast] Error 2


