Determining if the pthread_create exist failed with the following output:
Change Dir: /home/pi/ros_catkin_ws/build_isolated/smclib/CMakeFiles/CMakeTmp

Run Build Command:"/usr/bin/make" "cmTryCompileExec3699565000/fast"
/usr/bin/make -f CMakeFiles/cmTryCompileExec3699565000.dir/build.make CMakeFiles/cmTryCompileExec3699565000.dir/build
make[1]: Entering directory '/home/pi/ros_catkin_ws/build_isolated/smclib/CMakeFiles/CMakeTmp'
/usr/bin/cmake -E cmake_progress_report /home/pi/ros_catkin_ws/build_isolated/smclib/CMakeFiles/CMakeTmp/CMakeFiles 1
Building C object CMakeFiles/cmTryCompileExec3699565000.dir/CheckSymbolExists.c.o
/usr/bin/cc    -o CMakeFiles/cmTryCompileExec3699565000.dir/CheckSymbolExists.c.o   -c /home/pi/ros_catkin_ws/build_isolated/smclib/CMakeFiles/CMakeTmp/CheckSymbolExists.c
Linking C executable cmTryCompileExec3699565000
/usr/bin/cmake -E cmake_link_script CMakeFiles/cmTryCompileExec3699565000.dir/link.txt --verbose=1
/usr/bin/cc       CMakeFiles/cmTryCompileExec3699565000.dir/CheckSymbolExists.c.o  -o cmTryCompileExec3699565000 -rdynamic 
CMakeFiles/cmTryCompileExec3699565000.dir/CheckSymbolExists.c.o: In function `main':
CheckSymbolExists.c:(.text+0x38): undefined reference to `pthread_create'
collect2: error: ld returned 1 exit status
CMakeFiles/cmTryCompileExec3699565000.dir/build.make:88: recipe for target 'cmTryCompileExec3699565000' failed
make[1]: Leaving directory '/home/pi/ros_catkin_ws/build_isolated/smclib/CMakeFiles/CMakeTmp'
make[1]: *** [cmTryCompileExec3699565000] Error 1
Makefile:118: recipe for target 'cmTryCompileExec3699565000/fast' failed
make: *** [cmTryCompileExec3699565000/fast] Error 2

File /home/pi/ros_catkin_ws/build_isolated/smclib/CMakeFiles/CMakeTmp/CheckSymbolExists.c:
/* */
#include <pthread.h>

int main(int argc, char** argv)
{
  (void)argv;
#ifndef pthread_create
  return ((int*)(&pthread_create))[argc];
#else
  (void)argc;
  return 0;
#endif
}

Determining if the function pthread_create exists in the pthreads failed with the following output:
Change Dir: /home/pi/ros_catkin_ws/build_isolated/smclib/CMakeFiles/CMakeTmp

Run Build Command:"/usr/bin/make" "cmTryCompileExec4169819670/fast"
/usr/bin/make -f CMakeFiles/cmTryCompileExec4169819670.dir/build.make CMakeFiles/cmTryCompileExec4169819670.dir/build
make[1]: Entering directory '/home/pi/ros_catkin_ws/build_isolated/smclib/CMakeFiles/CMakeTmp'
/usr/bin/cmake -E cmake_progress_report /home/pi/ros_catkin_ws/build_isolated/smclib/CMakeFiles/CMakeTmp/CMakeFiles 1
Building C object CMakeFiles/cmTryCompileExec4169819670.dir/CheckFunctionExists.c.o
/usr/bin/cc   -DCHECK_FUNCTION_EXISTS=pthread_create   -o CMakeFiles/cmTryCompileExec4169819670.dir/CheckFunctionExists.c.o   -c /usr/share/cmake-3.0/Modules/CheckFunctionExists.c
Linking C executable cmTryCompileExec4169819670
/usr/bin/cmake -E cmake_link_script CMakeFiles/cmTryCompileExec4169819670.dir/link.txt --verbose=1
/usr/bin/cc   -DCHECK_FUNCTION_EXISTS=pthread_create    CMakeFiles/cmTryCompileExec4169819670.dir/CheckFunctionExists.c.o  -o cmTryCompileExec4169819670 -rdynamic -lpthreads 
/usr/bin/ld: cannot find -lpthreads
collect2: error: ld returned 1 exit status
CMakeFiles/cmTryCompileExec4169819670.dir/build.make:88: recipe for target 'cmTryCompileExec4169819670' failed
make[1]: Leaving directory '/home/pi/ros_catkin_ws/build_isolated/smclib/CMakeFiles/CMakeTmp'
make[1]: *** [cmTryCompileExec4169819670] Error 1
Makefile:118: recipe for target 'cmTryCompileExec4169819670/fast' failed
make: *** [cmTryCompileExec4169819670/fast] Error 2


