Determining if the pthread_create exist failed with the following output:
Change Dir: /home/pi/ros_catkin_ws/build_isolated/bond/CMakeFiles/CMakeTmp

Run Build Command:"/usr/bin/make" "cmTryCompileExec718913288/fast"
/usr/bin/make -f CMakeFiles/cmTryCompileExec718913288.dir/build.make CMakeFiles/cmTryCompileExec718913288.dir/build
make[1]: Entering directory '/home/pi/ros_catkin_ws/build_isolated/bond/CMakeFiles/CMakeTmp'
/usr/bin/cmake -E cmake_progress_report /home/pi/ros_catkin_ws/build_isolated/bond/CMakeFiles/CMakeTmp/CMakeFiles 1
Building C object CMakeFiles/cmTryCompileExec718913288.dir/CheckSymbolExists.c.o
/usr/bin/cc    -o CMakeFiles/cmTryCompileExec718913288.dir/CheckSymbolExists.c.o   -c /home/pi/ros_catkin_ws/build_isolated/bond/CMakeFiles/CMakeTmp/CheckSymbolExists.c
Linking C executable cmTryCompileExec718913288
/usr/bin/cmake -E cmake_link_script CMakeFiles/cmTryCompileExec718913288.dir/link.txt --verbose=1
/usr/bin/cc       CMakeFiles/cmTryCompileExec718913288.dir/CheckSymbolExists.c.o  -o cmTryCompileExec718913288 -rdynamic 
CMakeFiles/cmTryCompileExec718913288.dir/CheckSymbolExists.c.o: In function `main':
CheckSymbolExists.c:(.text+0x38): undefined reference to `pthread_create'
collect2: error: ld returned 1 exit status
CMakeFiles/cmTryCompileExec718913288.dir/build.make:88: recipe for target 'cmTryCompileExec718913288' failed
make[1]: Leaving directory '/home/pi/ros_catkin_ws/build_isolated/bond/CMakeFiles/CMakeTmp'
make[1]: *** [cmTryCompileExec718913288] Error 1
Makefile:118: recipe for target 'cmTryCompileExec718913288/fast' failed
make: *** [cmTryCompileExec718913288/fast] Error 2

File /home/pi/ros_catkin_ws/build_isolated/bond/CMakeFiles/CMakeTmp/CheckSymbolExists.c:
/* */
#include <pthread.h>

int main(int argc, char** argv)
{
  (void)argv;
#ifndef pthread_create
  return ((int*)(&pthread_create))[argc];
#else
  (void)argc;
  return 0;
#endif
}

Determining if the function pthread_create exists in the pthreads failed with the following output:
Change Dir: /home/pi/ros_catkin_ws/build_isolated/bond/CMakeFiles/CMakeTmp

Run Build Command:"/usr/bin/make" "cmTryCompileExec2220179885/fast"
/usr/bin/make -f CMakeFiles/cmTryCompileExec2220179885.dir/build.make CMakeFiles/cmTryCompileExec2220179885.dir/build
make[1]: Entering directory '/home/pi/ros_catkin_ws/build_isolated/bond/CMakeFiles/CMakeTmp'
/usr/bin/cmake -E cmake_progress_report /home/pi/ros_catkin_ws/build_isolated/bond/CMakeFiles/CMakeTmp/CMakeFiles 1
Building C object CMakeFiles/cmTryCompileExec2220179885.dir/CheckFunctionExists.c.o
/usr/bin/cc   -DCHECK_FUNCTION_EXISTS=pthread_create   -o CMakeFiles/cmTryCompileExec2220179885.dir/CheckFunctionExists.c.o   -c /usr/share/cmake-3.0/Modules/CheckFunctionExists.c
Linking C executable cmTryCompileExec2220179885
/usr/bin/cmake -E cmake_link_script CMakeFiles/cmTryCompileExec2220179885.dir/link.txt --verbose=1
/usr/bin/cc   -DCHECK_FUNCTION_EXISTS=pthread_create    CMakeFiles/cmTryCompileExec2220179885.dir/CheckFunctionExists.c.o  -o cmTryCompileExec2220179885 -rdynamic -lpthreads 
/usr/bin/ld: cannot find -lpthreads
collect2: error: ld returned 1 exit status
CMakeFiles/cmTryCompileExec2220179885.dir/build.make:88: recipe for target 'cmTryCompileExec2220179885' failed
make[1]: Leaving directory '/home/pi/ros_catkin_ws/build_isolated/bond/CMakeFiles/CMakeTmp'
make[1]: *** [cmTryCompileExec2220179885] Error 1
Makefile:118: recipe for target 'cmTryCompileExec2220179885/fast' failed
make: *** [cmTryCompileExec2220179885/fast] Error 2


