Determining if the pthread_create exist failed with the following output:
Change Dir: /home/pi/ros_catkin_ws/build_isolated/camera_calibration/CMakeFiles/CMakeTmp

Run Build Command:"/usr/bin/make" "cmTryCompileExec301680282/fast"
/usr/bin/make -f CMakeFiles/cmTryCompileExec301680282.dir/build.make CMakeFiles/cmTryCompileExec301680282.dir/build
make[1]: Entering directory '/home/pi/ros_catkin_ws/build_isolated/camera_calibration/CMakeFiles/CMakeTmp'
/usr/bin/cmake -E cmake_progress_report /home/pi/ros_catkin_ws/build_isolated/camera_calibration/CMakeFiles/CMakeTmp/CMakeFiles 1
Building C object CMakeFiles/cmTryCompileExec301680282.dir/CheckSymbolExists.c.o
/usr/bin/cc    -o CMakeFiles/cmTryCompileExec301680282.dir/CheckSymbolExists.c.o   -c /home/pi/ros_catkin_ws/build_isolated/camera_calibration/CMakeFiles/CMakeTmp/CheckSymbolExists.c
Linking C executable cmTryCompileExec301680282
/usr/bin/cmake -E cmake_link_script CMakeFiles/cmTryCompileExec301680282.dir/link.txt --verbose=1
/usr/bin/cc       CMakeFiles/cmTryCompileExec301680282.dir/CheckSymbolExists.c.o  -o cmTryCompileExec301680282 -rdynamic 
CMakeFiles/cmTryCompileExec301680282.dir/CheckSymbolExists.c.o: In function `main':
CheckSymbolExists.c:(.text+0x38): undefined reference to `pthread_create'
collect2: error: ld returned 1 exit status
CMakeFiles/cmTryCompileExec301680282.dir/build.make:88: recipe for target 'cmTryCompileExec301680282' failed
make[1]: Leaving directory '/home/pi/ros_catkin_ws/build_isolated/camera_calibration/CMakeFiles/CMakeTmp'
make[1]: *** [cmTryCompileExec301680282] Error 1
Makefile:118: recipe for target 'cmTryCompileExec301680282/fast' failed
make: *** [cmTryCompileExec301680282/fast] Error 2

File /home/pi/ros_catkin_ws/build_isolated/camera_calibration/CMakeFiles/CMakeTmp/CheckSymbolExists.c:
/* */
#include <pthread.h>

int main(int argc, char** argv)
{
  (void)argv;
#ifndef pthread_create
  return ((int*)(&pthread_create))[argc];
#else
  (void)argc;
  return 0;
#endif
}

Determining if the function pthread_create exists in the pthreads failed with the following output:
Change Dir: /home/pi/ros_catkin_ws/build_isolated/camera_calibration/CMakeFiles/CMakeTmp

Run Build Command:"/usr/bin/make" "cmTryCompileExec363817411/fast"
/usr/bin/make -f CMakeFiles/cmTryCompileExec363817411.dir/build.make CMakeFiles/cmTryCompileExec363817411.dir/build
make[1]: Entering directory '/home/pi/ros_catkin_ws/build_isolated/camera_calibration/CMakeFiles/CMakeTmp'
/usr/bin/cmake -E cmake_progress_report /home/pi/ros_catkin_ws/build_isolated/camera_calibration/CMakeFiles/CMakeTmp/CMakeFiles 1
Building C object CMakeFiles/cmTryCompileExec363817411.dir/CheckFunctionExists.c.o
/usr/bin/cc   -DCHECK_FUNCTION_EXISTS=pthread_create   -o CMakeFiles/cmTryCompileExec363817411.dir/CheckFunctionExists.c.o   -c /usr/share/cmake-3.0/Modules/CheckFunctionExists.c
Linking C executable cmTryCompileExec363817411
/usr/bin/cmake -E cmake_link_script CMakeFiles/cmTryCompileExec363817411.dir/link.txt --verbose=1
/usr/bin/cc   -DCHECK_FUNCTION_EXISTS=pthread_create    CMakeFiles/cmTryCompileExec363817411.dir/CheckFunctionExists.c.o  -o cmTryCompileExec363817411 -rdynamic -lpthreads 
/usr/bin/ld: cannot find -lpthreads
collect2: error: ld returned 1 exit status
CMakeFiles/cmTryCompileExec363817411.dir/build.make:88: recipe for target 'cmTryCompileExec363817411' failed
make[1]: Leaving directory '/home/pi/ros_catkin_ws/build_isolated/camera_calibration/CMakeFiles/CMakeTmp'
make[1]: *** [cmTryCompileExec363817411] Error 1
Makefile:118: recipe for target 'cmTryCompileExec363817411/fast' failed
make: *** [cmTryCompileExec363817411/fast] Error 2


