Determining if the pthread_create exist failed with the following output:
Change Dir: /home/pi/ros_catkin_ws/build_isolated/message_generation/CMakeFiles/CMakeTmp

Run Build Command:"/usr/bin/make" "cmTryCompileExec312653075/fast"
/usr/bin/make -f CMakeFiles/cmTryCompileExec312653075.dir/build.make CMakeFiles/cmTryCompileExec312653075.dir/build
make[1]: Entering directory '/home/pi/ros_catkin_ws/build_isolated/message_generation/CMakeFiles/CMakeTmp'
/usr/bin/cmake -E cmake_progress_report /home/pi/ros_catkin_ws/build_isolated/message_generation/CMakeFiles/CMakeTmp/CMakeFiles 1
Building C object CMakeFiles/cmTryCompileExec312653075.dir/CheckSymbolExists.c.o
/usr/bin/cc    -o CMakeFiles/cmTryCompileExec312653075.dir/CheckSymbolExists.c.o   -c /home/pi/ros_catkin_ws/build_isolated/message_generation/CMakeFiles/CMakeTmp/CheckSymbolExists.c
Linking C executable cmTryCompileExec312653075
/usr/bin/cmake -E cmake_link_script CMakeFiles/cmTryCompileExec312653075.dir/link.txt --verbose=1
/usr/bin/cc       CMakeFiles/cmTryCompileExec312653075.dir/CheckSymbolExists.c.o  -o cmTryCompileExec312653075 -rdynamic 
CMakeFiles/cmTryCompileExec312653075.dir/CheckSymbolExists.c.o: In function `main':
CheckSymbolExists.c:(.text+0x38): undefined reference to `pthread_create'
collect2: error: ld returned 1 exit status
CMakeFiles/cmTryCompileExec312653075.dir/build.make:88: recipe for target 'cmTryCompileExec312653075' failed
make[1]: Leaving directory '/home/pi/ros_catkin_ws/build_isolated/message_generation/CMakeFiles/CMakeTmp'
make[1]: *** [cmTryCompileExec312653075] Error 1
Makefile:118: recipe for target 'cmTryCompileExec312653075/fast' failed
make: *** [cmTryCompileExec312653075/fast] Error 2

File /home/pi/ros_catkin_ws/build_isolated/message_generation/CMakeFiles/CMakeTmp/CheckSymbolExists.c:
/* */
#include <pthread.h>

int main(int argc, char** argv)
{
  (void)argv;
#ifndef pthread_create
  return ((int*)(&pthread_create))[argc];
#else
  (void)argc;
  return 0;
#endif
}

Determining if the function pthread_create exists in the pthreads failed with the following output:
Change Dir: /home/pi/ros_catkin_ws/build_isolated/message_generation/CMakeFiles/CMakeTmp

Run Build Command:"/usr/bin/make" "cmTryCompileExec836862943/fast"
/usr/bin/make -f CMakeFiles/cmTryCompileExec836862943.dir/build.make CMakeFiles/cmTryCompileExec836862943.dir/build
make[1]: Entering directory '/home/pi/ros_catkin_ws/build_isolated/message_generation/CMakeFiles/CMakeTmp'
/usr/bin/cmake -E cmake_progress_report /home/pi/ros_catkin_ws/build_isolated/message_generation/CMakeFiles/CMakeTmp/CMakeFiles 1
Building C object CMakeFiles/cmTryCompileExec836862943.dir/CheckFunctionExists.c.o
/usr/bin/cc   -DCHECK_FUNCTION_EXISTS=pthread_create   -o CMakeFiles/cmTryCompileExec836862943.dir/CheckFunctionExists.c.o   -c /usr/share/cmake-3.0/Modules/CheckFunctionExists.c
Linking C executable cmTryCompileExec836862943
/usr/bin/cmake -E cmake_link_script CMakeFiles/cmTryCompileExec836862943.dir/link.txt --verbose=1
/usr/bin/cc   -DCHECK_FUNCTION_EXISTS=pthread_create    CMakeFiles/cmTryCompileExec836862943.dir/CheckFunctionExists.c.o  -o cmTryCompileExec836862943 -rdynamic -lpthreads 
/usr/bin/ld: cannot find -lpthreads
collect2: error: ld returned 1 exit status
CMakeFiles/cmTryCompileExec836862943.dir/build.make:88: recipe for target 'cmTryCompileExec836862943' failed
make[1]: Leaving directory '/home/pi/ros_catkin_ws/build_isolated/message_generation/CMakeFiles/CMakeTmp'
make[1]: *** [cmTryCompileExec836862943] Error 1
Makefile:118: recipe for target 'cmTryCompileExec836862943/fast' failed
make: *** [cmTryCompileExec836862943/fast] Error 2


