Determining if the pthread_create exist failed with the following output:
Change Dir: /home/pi/ros_catkin_ws/build_isolated/roscpp_serialization/CMakeFiles/CMakeTmp

Run Build Command:"/usr/bin/make" "cmTryCompileExec952573101/fast"
/usr/bin/make -f CMakeFiles/cmTryCompileExec952573101.dir/build.make CMakeFiles/cmTryCompileExec952573101.dir/build
make[1]: Entering directory '/home/pi/ros_catkin_ws/build_isolated/roscpp_serialization/CMakeFiles/CMakeTmp'
/usr/bin/cmake -E cmake_progress_report /home/pi/ros_catkin_ws/build_isolated/roscpp_serialization/CMakeFiles/CMakeTmp/CMakeFiles 1
Building C object CMakeFiles/cmTryCompileExec952573101.dir/CheckSymbolExists.c.o
/usr/bin/cc    -o CMakeFiles/cmTryCompileExec952573101.dir/CheckSymbolExists.c.o   -c /home/pi/ros_catkin_ws/build_isolated/roscpp_serialization/CMakeFiles/CMakeTmp/CheckSymbolExists.c
Linking C executable cmTryCompileExec952573101
/usr/bin/cmake -E cmake_link_script CMakeFiles/cmTryCompileExec952573101.dir/link.txt --verbose=1
/usr/bin/cc       CMakeFiles/cmTryCompileExec952573101.dir/CheckSymbolExists.c.o  -o cmTryCompileExec952573101 -rdynamic 
CMakeFiles/cmTryCompileExec952573101.dir/CheckSymbolExists.c.o: In function `main':
CheckSymbolExists.c:(.text+0x38): undefined reference to `pthread_create'
collect2: error: ld returned 1 exit status
CMakeFiles/cmTryCompileExec952573101.dir/build.make:88: recipe for target 'cmTryCompileExec952573101' failed
make[1]: Leaving directory '/home/pi/ros_catkin_ws/build_isolated/roscpp_serialization/CMakeFiles/CMakeTmp'
make[1]: *** [cmTryCompileExec952573101] Error 1
Makefile:118: recipe for target 'cmTryCompileExec952573101/fast' failed
make: *** [cmTryCompileExec952573101/fast] Error 2

File /home/pi/ros_catkin_ws/build_isolated/roscpp_serialization/CMakeFiles/CMakeTmp/CheckSymbolExists.c:
/* */
#include <pthread.h>

int main(int argc, char** argv)
{
  (void)argv;
#ifndef pthread_create
  return ((int*)(&pthread_create))[argc];
#else
  (void)argc;
  return 0;
#endif
}

Determining if the function pthread_create exists in the pthreads failed with the following output:
Change Dir: /home/pi/ros_catkin_ws/build_isolated/roscpp_serialization/CMakeFiles/CMakeTmp

Run Build Command:"/usr/bin/make" "cmTryCompileExec750884823/fast"
/usr/bin/make -f CMakeFiles/cmTryCompileExec750884823.dir/build.make CMakeFiles/cmTryCompileExec750884823.dir/build
make[1]: Entering directory '/home/pi/ros_catkin_ws/build_isolated/roscpp_serialization/CMakeFiles/CMakeTmp'
/usr/bin/cmake -E cmake_progress_report /home/pi/ros_catkin_ws/build_isolated/roscpp_serialization/CMakeFiles/CMakeTmp/CMakeFiles 1
Building C object CMakeFiles/cmTryCompileExec750884823.dir/CheckFunctionExists.c.o
/usr/bin/cc   -DCHECK_FUNCTION_EXISTS=pthread_create   -o CMakeFiles/cmTryCompileExec750884823.dir/CheckFunctionExists.c.o   -c /usr/share/cmake-3.0/Modules/CheckFunctionExists.c
Linking C executable cmTryCompileExec750884823
/usr/bin/cmake -E cmake_link_script CMakeFiles/cmTryCompileExec750884823.dir/link.txt --verbose=1
/usr/bin/cc   -DCHECK_FUNCTION_EXISTS=pthread_create    CMakeFiles/cmTryCompileExec750884823.dir/CheckFunctionExists.c.o  -o cmTryCompileExec750884823 -rdynamic -lpthreads 
/usr/bin/ld: cannot find -lpthreads
collect2: error: ld returned 1 exit status
CMakeFiles/cmTryCompileExec750884823.dir/build.make:88: recipe for target 'cmTryCompileExec750884823' failed
make[1]: Leaving directory '/home/pi/ros_catkin_ws/build_isolated/roscpp_serialization/CMakeFiles/CMakeTmp'
make[1]: *** [cmTryCompileExec750884823] Error 1
Makefile:118: recipe for target 'cmTryCompileExec750884823/fast' failed
make: *** [cmTryCompileExec750884823/fast] Error 2


