Determining if the pthread_create exist failed with the following output:
Change Dir: /home/pi/ros_catkin_ws/build_isolated/roscpp/CMakeFiles/CMakeTmp

Run Build Command:"/usr/bin/make" "cmTryCompileExec855223109/fast"
/usr/bin/make -f CMakeFiles/cmTryCompileExec855223109.dir/build.make CMakeFiles/cmTryCompileExec855223109.dir/build
make[1]: Entering directory '/home/pi/ros_catkin_ws/build_isolated/roscpp/CMakeFiles/CMakeTmp'
/usr/bin/cmake -E cmake_progress_report /home/pi/ros_catkin_ws/build_isolated/roscpp/CMakeFiles/CMakeTmp/CMakeFiles 1
Building C object CMakeFiles/cmTryCompileExec855223109.dir/CheckSymbolExists.c.o
/usr/bin/cc    -o CMakeFiles/cmTryCompileExec855223109.dir/CheckSymbolExists.c.o   -c /home/pi/ros_catkin_ws/build_isolated/roscpp/CMakeFiles/CMakeTmp/CheckSymbolExists.c
Linking C executable cmTryCompileExec855223109
/usr/bin/cmake -E cmake_link_script CMakeFiles/cmTryCompileExec855223109.dir/link.txt --verbose=1
/usr/bin/cc       CMakeFiles/cmTryCompileExec855223109.dir/CheckSymbolExists.c.o  -o cmTryCompileExec855223109 -rdynamic 
CMakeFiles/cmTryCompileExec855223109.dir/CheckSymbolExists.c.o: In function `main':
CheckSymbolExists.c:(.text+0x38): undefined reference to `pthread_create'
collect2: error: ld returned 1 exit status
CMakeFiles/cmTryCompileExec855223109.dir/build.make:88: recipe for target 'cmTryCompileExec855223109' failed
make[1]: Leaving directory '/home/pi/ros_catkin_ws/build_isolated/roscpp/CMakeFiles/CMakeTmp'
make[1]: *** [cmTryCompileExec855223109] Error 1
Makefile:118: recipe for target 'cmTryCompileExec855223109/fast' failed
make: *** [cmTryCompileExec855223109/fast] Error 2

File /home/pi/ros_catkin_ws/build_isolated/roscpp/CMakeFiles/CMakeTmp/CheckSymbolExists.c:
/* */
#include <pthread.h>

int main(int argc, char** argv)
{
  (void)argv;
#ifndef pthread_create
  return ((int*)(&pthread_create))[argc];
#else
  (void)argc;
  return 0;
#endif
}

Determining if the function pthread_create exists in the pthreads failed with the following output:
Change Dir: /home/pi/ros_catkin_ws/build_isolated/roscpp/CMakeFiles/CMakeTmp

Run Build Command:"/usr/bin/make" "cmTryCompileExec2198767974/fast"
/usr/bin/make -f CMakeFiles/cmTryCompileExec2198767974.dir/build.make CMakeFiles/cmTryCompileExec2198767974.dir/build
make[1]: Entering directory '/home/pi/ros_catkin_ws/build_isolated/roscpp/CMakeFiles/CMakeTmp'
/usr/bin/cmake -E cmake_progress_report /home/pi/ros_catkin_ws/build_isolated/roscpp/CMakeFiles/CMakeTmp/CMakeFiles 1
Building C object CMakeFiles/cmTryCompileExec2198767974.dir/CheckFunctionExists.c.o
/usr/bin/cc   -DCHECK_FUNCTION_EXISTS=pthread_create   -o CMakeFiles/cmTryCompileExec2198767974.dir/CheckFunctionExists.c.o   -c /usr/share/cmake-3.0/Modules/CheckFunctionExists.c
Linking C executable cmTryCompileExec2198767974
/usr/bin/cmake -E cmake_link_script CMakeFiles/cmTryCompileExec2198767974.dir/link.txt --verbose=1
/usr/bin/cc   -DCHECK_FUNCTION_EXISTS=pthread_create    CMakeFiles/cmTryCompileExec2198767974.dir/CheckFunctionExists.c.o  -o cmTryCompileExec2198767974 -rdynamic -lpthreads 
/usr/bin/ld: cannot find -lpthreads
collect2: error: ld returned 1 exit status
CMakeFiles/cmTryCompileExec2198767974.dir/build.make:88: recipe for target 'cmTryCompileExec2198767974' failed
make[1]: *** [cmTryCompileExec2198767974] Error 1
make[1]: Leaving directory '/home/pi/ros_catkin_ws/build_isolated/roscpp/CMakeFiles/CMakeTmp'
Makefile:118: recipe for target 'cmTryCompileExec2198767974/fast' failed
make: *** [cmTryCompileExec2198767974/fast] Error 2


Determining if the function trunc exists failed with the following output:
Change Dir: /home/pi/ros_catkin_ws/build_isolated/roscpp/CMakeFiles/CMakeTmp

Run Build Command:"/usr/bin/make" "cmTryCompileExec3425767705/fast"
/usr/bin/make -f CMakeFiles/cmTryCompileExec3425767705.dir/build.make CMakeFiles/cmTryCompileExec3425767705.dir/build
make[1]: Entering directory '/home/pi/ros_catkin_ws/build_isolated/roscpp/CMakeFiles/CMakeTmp'
/usr/bin/cmake -E cmake_progress_report /home/pi/ros_catkin_ws/build_isolated/roscpp/CMakeFiles/CMakeTmp/CMakeFiles 1
Building C object CMakeFiles/cmTryCompileExec3425767705.dir/CheckFunctionExists.c.o
/usr/bin/cc   -DCHECK_FUNCTION_EXISTS=trunc   -o CMakeFiles/cmTryCompileExec3425767705.dir/CheckFunctionExists.c.o   -c /usr/share/cmake-3.0/Modules/CheckFunctionExists.c
<command-line>:0:23: warning: conflicting types for built-in function 'trunc'
/usr/share/cmake-3.0/Modules/CheckFunctionExists.c:3:6: note: in expansion of macro 'CHECK_FUNCTION_EXISTS'
 char CHECK_FUNCTION_EXISTS();
      ^
Linking C executable cmTryCompileExec3425767705
/usr/bin/cmake -E cmake_link_script CMakeFiles/cmTryCompileExec3425767705.dir/link.txt --verbose=1
/usr/bin/cc   -DCHECK_FUNCTION_EXISTS=trunc    CMakeFiles/cmTryCompileExec3425767705.dir/CheckFunctionExists.c.o  -o cmTryCompileExec3425767705 -rdynamic 
CMakeFiles/cmTryCompileExec3425767705.dir/CheckFunctionExists.c.o: In function `main':
CheckFunctionExists.c:(.text+0x14): undefined reference to `trunc'
collect2: error: ld returned 1 exit status
CMakeFiles/cmTryCompileExec3425767705.dir/build.make:88: recipe for target 'cmTryCompileExec3425767705' failed
make[1]: Leaving directory '/home/pi/ros_catkin_ws/build_isolated/roscpp/CMakeFiles/CMakeTmp'
make[1]: *** [cmTryCompileExec3425767705] Error 1
Makefile:118: recipe for target 'cmTryCompileExec3425767705/fast' failed
make: *** [cmTryCompileExec3425767705/fast] Error 2


