Determining if the pthread_create exist failed with the following output:
Change Dir: /home/pi/ros_catkin_ws/build_isolated/depth_image_proc/CMakeFiles/CMakeTmp

Run Build Command:"/usr/bin/make" "cmTryCompileExec2918492431/fast"
/usr/bin/make -f CMakeFiles/cmTryCompileExec2918492431.dir/build.make CMakeFiles/cmTryCompileExec2918492431.dir/build
make[1]: Entering directory '/home/pi/ros_catkin_ws/build_isolated/depth_image_proc/CMakeFiles/CMakeTmp'
/usr/bin/cmake -E cmake_progress_report /home/pi/ros_catkin_ws/build_isolated/depth_image_proc/CMakeFiles/CMakeTmp/CMakeFiles 1
Building C object CMakeFiles/cmTryCompileExec2918492431.dir/CheckSymbolExists.c.o
/usr/bin/cc    -o CMakeFiles/cmTryCompileExec2918492431.dir/CheckSymbolExists.c.o   -c /home/pi/ros_catkin_ws/build_isolated/depth_image_proc/CMakeFiles/CMakeTmp/CheckSymbolExists.c
Linking C executable cmTryCompileExec2918492431
/usr/bin/cmake -E cmake_link_script CMakeFiles/cmTryCompileExec2918492431.dir/link.txt --verbose=1
/usr/bin/cc       CMakeFiles/cmTryCompileExec2918492431.dir/CheckSymbolExists.c.o  -o cmTryCompileExec2918492431 -rdynamic 
CMakeFiles/cmTryCompileExec2918492431.dir/CheckSymbolExists.c.o: In function `main':
CheckSymbolExists.c:(.text+0x38): undefined reference to `pthread_create'
collect2: error: ld returned 1 exit status
CMakeFiles/cmTryCompileExec2918492431.dir/build.make:88: recipe for target 'cmTryCompileExec2918492431' failed
make[1]: Leaving directory '/home/pi/ros_catkin_ws/build_isolated/depth_image_proc/CMakeFiles/CMakeTmp'
make[1]: *** [cmTryCompileExec2918492431] Error 1
Makefile:118: recipe for target 'cmTryCompileExec2918492431/fast' failed
make: *** [cmTryCompileExec2918492431/fast] Error 2

File /home/pi/ros_catkin_ws/build_isolated/depth_image_proc/CMakeFiles/CMakeTmp/CheckSymbolExists.c:
/* */
#include <pthread.h>

int main(int argc, char** argv)
{
  (void)argv;
#ifndef pthread_create
  return ((int*)(&pthread_create))[argc];
#else
  (void)argc;
  return 0;
#endif
}

Determining if the function pthread_create exists in the pthreads failed with the following output:
Change Dir: /home/pi/ros_catkin_ws/build_isolated/depth_image_proc/CMakeFiles/CMakeTmp

Run Build Command:"/usr/bin/make" "cmTryCompileExec1098608834/fast"
/usr/bin/make -f CMakeFiles/cmTryCompileExec1098608834.dir/build.make CMakeFiles/cmTryCompileExec1098608834.dir/build
make[1]: Entering directory '/home/pi/ros_catkin_ws/build_isolated/depth_image_proc/CMakeFiles/CMakeTmp'
/usr/bin/cmake -E cmake_progress_report /home/pi/ros_catkin_ws/build_isolated/depth_image_proc/CMakeFiles/CMakeTmp/CMakeFiles 1
Building C object CMakeFiles/cmTryCompileExec1098608834.dir/CheckFunctionExists.c.o
/usr/bin/cc   -DCHECK_FUNCTION_EXISTS=pthread_create   -o CMakeFiles/cmTryCompileExec1098608834.dir/CheckFunctionExists.c.o   -c /usr/share/cmake-3.0/Modules/CheckFunctionExists.c
Linking C executable cmTryCompileExec1098608834
/usr/bin/cmake -E cmake_link_script CMakeFiles/cmTryCompileExec1098608834.dir/link.txt --verbose=1
/usr/bin/cc   -DCHECK_FUNCTION_EXISTS=pthread_create    CMakeFiles/cmTryCompileExec1098608834.dir/CheckFunctionExists.c.o  -o cmTryCompileExec1098608834 -rdynamic -lpthreads 
/usr/bin/ld: cannot find -lpthreads
collect2: error: ld returned 1 exit status
CMakeFiles/cmTryCompileExec1098608834.dir/build.make:88: recipe for target 'cmTryCompileExec1098608834' failed
make[1]: Leaving directory '/home/pi/ros_catkin_ws/build_isolated/depth_image_proc/CMakeFiles/CMakeTmp'
make[1]: *** [cmTryCompileExec1098608834] Error 1
Makefile:118: recipe for target 'cmTryCompileExec1098608834/fast' failed
make: *** [cmTryCompileExec1098608834/fast] Error 2


