Determining if the pthread_create exist failed with the following output:
Change Dir: /home/pi/ros_catkin_ws/build_isolated/tf2_ros/CMakeFiles/CMakeTmp

Run Build Command:"/usr/bin/make" "cmTryCompileExec1595359396/fast"
/usr/bin/make -f CMakeFiles/cmTryCompileExec1595359396.dir/build.make CMakeFiles/cmTryCompileExec1595359396.dir/build
make[1]: Entering directory '/home/pi/ros_catkin_ws/build_isolated/tf2_ros/CMakeFiles/CMakeTmp'
/usr/bin/cmake -E cmake_progress_report /home/pi/ros_catkin_ws/build_isolated/tf2_ros/CMakeFiles/CMakeTmp/CMakeFiles 1
Building C object CMakeFiles/cmTryCompileExec1595359396.dir/CheckSymbolExists.c.o
/usr/bin/cc    -o CMakeFiles/cmTryCompileExec1595359396.dir/CheckSymbolExists.c.o   -c /home/pi/ros_catkin_ws/build_isolated/tf2_ros/CMakeFiles/CMakeTmp/CheckSymbolExists.c
Linking C executable cmTryCompileExec1595359396
/usr/bin/cmake -E cmake_link_script CMakeFiles/cmTryCompileExec1595359396.dir/link.txt --verbose=1
/usr/bin/cc       CMakeFiles/cmTryCompileExec1595359396.dir/CheckSymbolExists.c.o  -o cmTryCompileExec1595359396 -rdynamic 
CMakeFiles/cmTryCompileExec1595359396.dir/CheckSymbolExists.c.o: In function `main':
CheckSymbolExists.c:(.text+0x38): undefined reference to `pthread_create'
collect2: error: ld returned 1 exit status
CMakeFiles/cmTryCompileExec1595359396.dir/build.make:88: recipe for target 'cmTryCompileExec1595359396' failed
make[1]: Leaving directory '/home/pi/ros_catkin_ws/build_isolated/tf2_ros/CMakeFiles/CMakeTmp'
make[1]: *** [cmTryCompileExec1595359396] Error 1
Makefile:118: recipe for target 'cmTryCompileExec1595359396/fast' failed
make: *** [cmTryCompileExec1595359396/fast] Error 2

File /home/pi/ros_catkin_ws/build_isolated/tf2_ros/CMakeFiles/CMakeTmp/CheckSymbolExists.c:
/* */
#include <pthread.h>

int main(int argc, char** argv)
{
  (void)argv;
#ifndef pthread_create
  return ((int*)(&pthread_create))[argc];
#else
  (void)argc;
  return 0;
#endif
}

Determining if the function pthread_create exists in the pthreads failed with the following output:
Change Dir: /home/pi/ros_catkin_ws/build_isolated/tf2_ros/CMakeFiles/CMakeTmp

Run Build Command:"/usr/bin/make" "cmTryCompileExec3423606112/fast"
/usr/bin/make -f CMakeFiles/cmTryCompileExec3423606112.dir/build.make CMakeFiles/cmTryCompileExec3423606112.dir/build
make[1]: Entering directory '/home/pi/ros_catkin_ws/build_isolated/tf2_ros/CMakeFiles/CMakeTmp'
/usr/bin/cmake -E cmake_progress_report /home/pi/ros_catkin_ws/build_isolated/tf2_ros/CMakeFiles/CMakeTmp/CMakeFiles 1
Building C object CMakeFiles/cmTryCompileExec3423606112.dir/CheckFunctionExists.c.o
/usr/bin/cc   -DCHECK_FUNCTION_EXISTS=pthread_create   -o CMakeFiles/cmTryCompileExec3423606112.dir/CheckFunctionExists.c.o   -c /usr/share/cmake-3.0/Modules/CheckFunctionExists.c
Linking C executable cmTryCompileExec3423606112
/usr/bin/cmake -E cmake_link_script CMakeFiles/cmTryCompileExec3423606112.dir/link.txt --verbose=1
/usr/bin/cc   -DCHECK_FUNCTION_EXISTS=pthread_create    CMakeFiles/cmTryCompileExec3423606112.dir/CheckFunctionExists.c.o  -o cmTryCompileExec3423606112 -rdynamic -lpthreads 
/usr/bin/ld: cannot find -lpthreads
collect2: error: ld returned 1 exit status
CMakeFiles/cmTryCompileExec3423606112.dir/build.make:88: recipe for target 'cmTryCompileExec3423606112' failed
make[1]: Leaving directory '/home/pi/ros_catkin_ws/build_isolated/tf2_ros/CMakeFiles/CMakeTmp'
make[1]: *** [cmTryCompileExec3423606112] Error 1
Makefile:118: recipe for target 'cmTryCompileExec3423606112/fast' failed
make: *** [cmTryCompileExec3423606112/fast] Error 2


