Determining if the pthread_create exist failed with the following output:
Change Dir: /home/pi/ros_catkin_ws/build_isolated/rosmsg/CMakeFiles/CMakeTmp

Run Build Command:"/usr/bin/make" "cmTryCompileExec1518580690/fast"
/usr/bin/make -f CMakeFiles/cmTryCompileExec1518580690.dir/build.make CMakeFiles/cmTryCompileExec1518580690.dir/build
make[1]: Entering directory '/home/pi/ros_catkin_ws/build_isolated/rosmsg/CMakeFiles/CMakeTmp'
/usr/bin/cmake -E cmake_progress_report /home/pi/ros_catkin_ws/build_isolated/rosmsg/CMakeFiles/CMakeTmp/CMakeFiles 1
Building C object CMakeFiles/cmTryCompileExec1518580690.dir/CheckSymbolExists.c.o
/usr/bin/cc    -o CMakeFiles/cmTryCompileExec1518580690.dir/CheckSymbolExists.c.o   -c /home/pi/ros_catkin_ws/build_isolated/rosmsg/CMakeFiles/CMakeTmp/CheckSymbolExists.c
Linking C executable cmTryCompileExec1518580690
/usr/bin/cmake -E cmake_link_script CMakeFiles/cmTryCompileExec1518580690.dir/link.txt --verbose=1
/usr/bin/cc       CMakeFiles/cmTryCompileExec1518580690.dir/CheckSymbolExists.c.o  -o cmTryCompileExec1518580690 -rdynamic 
CMakeFiles/cmTryCompileExec1518580690.dir/CheckSymbolExists.c.o: In function `main':
CheckSymbolExists.c:(.text+0x38): undefined reference to `pthread_create'
collect2: error: ld returned 1 exit status
CMakeFiles/cmTryCompileExec1518580690.dir/build.make:88: recipe for target 'cmTryCompileExec1518580690' failed
make[1]: *** [cmTryCompileExec1518580690] Error 1
make[1]: Leaving directory '/home/pi/ros_catkin_ws/build_isolated/rosmsg/CMakeFiles/CMakeTmp'
Makefile:118: recipe for target 'cmTryCompileExec1518580690/fast' failed
make: *** [cmTryCompileExec1518580690/fast] Error 2

File /home/pi/ros_catkin_ws/build_isolated/rosmsg/CMakeFiles/CMakeTmp/CheckSymbolExists.c:
/* */
#include <pthread.h>

int main(int argc, char** argv)
{
  (void)argv;
#ifndef pthread_create
  return ((int*)(&pthread_create))[argc];
#else
  (void)argc;
  return 0;
#endif
}

Determining if the function pthread_create exists in the pthreads failed with the following output:
Change Dir: /home/pi/ros_catkin_ws/build_isolated/rosmsg/CMakeFiles/CMakeTmp

Run Build Command:"/usr/bin/make" "cmTryCompileExec3517260565/fast"
/usr/bin/make -f CMakeFiles/cmTryCompileExec3517260565.dir/build.make CMakeFiles/cmTryCompileExec3517260565.dir/build
make[1]: Entering directory '/home/pi/ros_catkin_ws/build_isolated/rosmsg/CMakeFiles/CMakeTmp'
/usr/bin/cmake -E cmake_progress_report /home/pi/ros_catkin_ws/build_isolated/rosmsg/CMakeFiles/CMakeTmp/CMakeFiles 1
Building C object CMakeFiles/cmTryCompileExec3517260565.dir/CheckFunctionExists.c.o
/usr/bin/cc   -DCHECK_FUNCTION_EXISTS=pthread_create   -o CMakeFiles/cmTryCompileExec3517260565.dir/CheckFunctionExists.c.o   -c /usr/share/cmake-3.0/Modules/CheckFunctionExists.c
Linking C executable cmTryCompileExec3517260565
/usr/bin/cmake -E cmake_link_script CMakeFiles/cmTryCompileExec3517260565.dir/link.txt --verbose=1
/usr/bin/cc   -DCHECK_FUNCTION_EXISTS=pthread_create    CMakeFiles/cmTryCompileExec3517260565.dir/CheckFunctionExists.c.o  -o cmTryCompileExec3517260565 -rdynamic -lpthreads 
/usr/bin/ld: cannot find -lpthreads
collect2: error: ld returned 1 exit status
CMakeFiles/cmTryCompileExec3517260565.dir/build.make:88: recipe for target 'cmTryCompileExec3517260565' failed
make[1]: Leaving directory '/home/pi/ros_catkin_ws/build_isolated/rosmsg/CMakeFiles/CMakeTmp'
make[1]: *** [cmTryCompileExec3517260565] Error 1
Makefile:118: recipe for target 'cmTryCompileExec3517260565/fast' failed
make: *** [cmTryCompileExec3517260565/fast] Error 2


