Determining if the pthread_create exist failed with the following output:
Change Dir: /home/pi/ros_catkin_ws/build_isolated/roscpp_traits/CMakeFiles/CMakeTmp

Run Build Command:"/usr/bin/make" "cmTryCompileExec1410826221/fast"
/usr/bin/make -f CMakeFiles/cmTryCompileExec1410826221.dir/build.make CMakeFiles/cmTryCompileExec1410826221.dir/build
make[1]: Entering directory '/home/pi/ros_catkin_ws/build_isolated/roscpp_traits/CMakeFiles/CMakeTmp'
/usr/bin/cmake -E cmake_progress_report /home/pi/ros_catkin_ws/build_isolated/roscpp_traits/CMakeFiles/CMakeTmp/CMakeFiles 1
Building C object CMakeFiles/cmTryCompileExec1410826221.dir/CheckSymbolExists.c.o
/usr/bin/cc    -o CMakeFiles/cmTryCompileExec1410826221.dir/CheckSymbolExists.c.o   -c /home/pi/ros_catkin_ws/build_isolated/roscpp_traits/CMakeFiles/CMakeTmp/CheckSymbolExists.c
Linking C executable cmTryCompileExec1410826221
/usr/bin/cmake -E cmake_link_script CMakeFiles/cmTryCompileExec1410826221.dir/link.txt --verbose=1
/usr/bin/cc       CMakeFiles/cmTryCompileExec1410826221.dir/CheckSymbolExists.c.o  -o cmTryCompileExec1410826221 -rdynamic 
CMakeFiles/cmTryCompileExec1410826221.dir/CheckSymbolExists.c.o: In function `main':
CheckSymbolExists.c:(.text+0x38): undefined reference to `pthread_create'
collect2: error: ld returned 1 exit status
CMakeFiles/cmTryCompileExec1410826221.dir/build.make:88: recipe for target 'cmTryCompileExec1410826221' failed
make[1]: Leaving directory '/home/pi/ros_catkin_ws/build_isolated/roscpp_traits/CMakeFiles/CMakeTmp'
make[1]: *** [cmTryCompileExec1410826221] Error 1
Makefile:118: recipe for target 'cmTryCompileExec1410826221/fast' failed
make: *** [cmTryCompileExec1410826221/fast] Error 2

File /home/pi/ros_catkin_ws/build_isolated/roscpp_traits/CMakeFiles/CMakeTmp/CheckSymbolExists.c:
/* */
#include <pthread.h>

int main(int argc, char** argv)
{
  (void)argv;
#ifndef pthread_create
  return ((int*)(&pthread_create))[argc];
#else
  (void)argc;
  return 0;
#endif
}

Determining if the function pthread_create exists in the pthreads failed with the following output:
Change Dir: /home/pi/ros_catkin_ws/build_isolated/roscpp_traits/CMakeFiles/CMakeTmp

Run Build Command:"/usr/bin/make" "cmTryCompileExec1021895250/fast"
/usr/bin/make -f CMakeFiles/cmTryCompileExec1021895250.dir/build.make CMakeFiles/cmTryCompileExec1021895250.dir/build
make[1]: Entering directory '/home/pi/ros_catkin_ws/build_isolated/roscpp_traits/CMakeFiles/CMakeTmp'
/usr/bin/cmake -E cmake_progress_report /home/pi/ros_catkin_ws/build_isolated/roscpp_traits/CMakeFiles/CMakeTmp/CMakeFiles 1
Building C object CMakeFiles/cmTryCompileExec1021895250.dir/CheckFunctionExists.c.o
/usr/bin/cc   -DCHECK_FUNCTION_EXISTS=pthread_create   -o CMakeFiles/cmTryCompileExec1021895250.dir/CheckFunctionExists.c.o   -c /usr/share/cmake-3.0/Modules/CheckFunctionExists.c
Linking C executable cmTryCompileExec1021895250
/usr/bin/cmake -E cmake_link_script CMakeFiles/cmTryCompileExec1021895250.dir/link.txt --verbose=1
/usr/bin/cc   -DCHECK_FUNCTION_EXISTS=pthread_create    CMakeFiles/cmTryCompileExec1021895250.dir/CheckFunctionExists.c.o  -o cmTryCompileExec1021895250 -rdynamic -lpthreads 
/usr/bin/ld: cannot find -lpthreads
collect2: error: ld returned 1 exit status
CMakeFiles/cmTryCompileExec1021895250.dir/build.make:88: recipe for target 'cmTryCompileExec1021895250' failed
make[1]: Leaving directory '/home/pi/ros_catkin_ws/build_isolated/roscpp_traits/CMakeFiles/CMakeTmp'
make[1]: *** [cmTryCompileExec1021895250] Error 1
Makefile:118: recipe for target 'cmTryCompileExec1021895250/fast' failed
make: *** [cmTryCompileExec1021895250/fast] Error 2


