Determining if the pthread_create exist failed with the following output:
Change Dir: /home/pi/ros_catkin_ws/build_isolated/eigen_conversions/CMakeFiles/CMakeTmp

Run Build Command:"/usr/bin/make" "cmTryCompileExec3730332737/fast"
/usr/bin/make -f CMakeFiles/cmTryCompileExec3730332737.dir/build.make CMakeFiles/cmTryCompileExec3730332737.dir/build
make[1]: Entering directory '/home/pi/ros_catkin_ws/build_isolated/eigen_conversions/CMakeFiles/CMakeTmp'
/usr/bin/cmake -E cmake_progress_report /home/pi/ros_catkin_ws/build_isolated/eigen_conversions/CMakeFiles/CMakeTmp/CMakeFiles 1
Building C object CMakeFiles/cmTryCompileExec3730332737.dir/CheckSymbolExists.c.o
/usr/bin/cc    -o CMakeFiles/cmTryCompileExec3730332737.dir/CheckSymbolExists.c.o   -c /home/pi/ros_catkin_ws/build_isolated/eigen_conversions/CMakeFiles/CMakeTmp/CheckSymbolExists.c
Linking C executable cmTryCompileExec3730332737
/usr/bin/cmake -E cmake_link_script CMakeFiles/cmTryCompileExec3730332737.dir/link.txt --verbose=1
/usr/bin/cc       CMakeFiles/cmTryCompileExec3730332737.dir/CheckSymbolExists.c.o  -o cmTryCompileExec3730332737 -rdynamic 
CMakeFiles/cmTryCompileExec3730332737.dir/CheckSymbolExists.c.o: In function `main':
CheckSymbolExists.c:(.text+0x38): undefined reference to `pthread_create'
collect2: error: ld returned 1 exit status
CMakeFiles/cmTryCompileExec3730332737.dir/build.make:88: recipe for target 'cmTryCompileExec3730332737' failed
make[1]: Leaving directory '/home/pi/ros_catkin_ws/build_isolated/eigen_conversions/CMakeFiles/CMakeTmp'
make[1]: *** [cmTryCompileExec3730332737] Error 1
Makefile:118: recipe for target 'cmTryCompileExec3730332737/fast' failed
make: *** [cmTryCompileExec3730332737/fast] Error 2

File /home/pi/ros_catkin_ws/build_isolated/eigen_conversions/CMakeFiles/CMakeTmp/CheckSymbolExists.c:
/* */
#include <pthread.h>

int main(int argc, char** argv)
{
  (void)argv;
#ifndef pthread_create
  return ((int*)(&pthread_create))[argc];
#else
  (void)argc;
  return 0;
#endif
}

Determining if the function pthread_create exists in the pthreads failed with the following output:
Change Dir: /home/pi/ros_catkin_ws/build_isolated/eigen_conversions/CMakeFiles/CMakeTmp

Run Build Command:"/usr/bin/make" "cmTryCompileExec705592039/fast"
/usr/bin/make -f CMakeFiles/cmTryCompileExec705592039.dir/build.make CMakeFiles/cmTryCompileExec705592039.dir/build
make[1]: Entering directory '/home/pi/ros_catkin_ws/build_isolated/eigen_conversions/CMakeFiles/CMakeTmp'
/usr/bin/cmake -E cmake_progress_report /home/pi/ros_catkin_ws/build_isolated/eigen_conversions/CMakeFiles/CMakeTmp/CMakeFiles 1
Building C object CMakeFiles/cmTryCompileExec705592039.dir/CheckFunctionExists.c.o
/usr/bin/cc   -DCHECK_FUNCTION_EXISTS=pthread_create   -o CMakeFiles/cmTryCompileExec705592039.dir/CheckFunctionExists.c.o   -c /usr/share/cmake-3.0/Modules/CheckFunctionExists.c
Linking C executable cmTryCompileExec705592039
/usr/bin/cmake -E cmake_link_script CMakeFiles/cmTryCompileExec705592039.dir/link.txt --verbose=1
/usr/bin/cc   -DCHECK_FUNCTION_EXISTS=pthread_create    CMakeFiles/cmTryCompileExec705592039.dir/CheckFunctionExists.c.o  -o cmTryCompileExec705592039 -rdynamic -lpthreads 
/usr/bin/ld: cannot find -lpthreads
collect2: error: ld returned 1 exit status
CMakeFiles/cmTryCompileExec705592039.dir/build.make:88: recipe for target 'cmTryCompileExec705592039' failed
make[1]: Leaving directory '/home/pi/ros_catkin_ws/build_isolated/eigen_conversions/CMakeFiles/CMakeTmp'
make[1]: *** [cmTryCompileExec705592039] Error 1
Makefile:118: recipe for target 'cmTryCompileExec705592039/fast' failed
make: *** [cmTryCompileExec705592039/fast] Error 2


