Determining if the pthread_create exist failed with the following output:
Change Dir: /home/pi/ros_catkin_ws/build_isolated/rosout/CMakeFiles/CMakeTmp

Run Build Command:"/usr/bin/make" "cmTryCompileExec894351849/fast"
/usr/bin/make -f CMakeFiles/cmTryCompileExec894351849.dir/build.make CMakeFiles/cmTryCompileExec894351849.dir/build
make[1]: Entering directory '/home/pi/ros_catkin_ws/build_isolated/rosout/CMakeFiles/CMakeTmp'
/usr/bin/cmake -E cmake_progress_report /home/pi/ros_catkin_ws/build_isolated/rosout/CMakeFiles/CMakeTmp/CMakeFiles 1
Building C object CMakeFiles/cmTryCompileExec894351849.dir/CheckSymbolExists.c.o
/usr/bin/cc    -o CMakeFiles/cmTryCompileExec894351849.dir/CheckSymbolExists.c.o   -c /home/pi/ros_catkin_ws/build_isolated/rosout/CMakeFiles/CMakeTmp/CheckSymbolExists.c
Linking C executable cmTryCompileExec894351849
/usr/bin/cmake -E cmake_link_script CMakeFiles/cmTryCompileExec894351849.dir/link.txt --verbose=1
/usr/bin/cc       CMakeFiles/cmTryCompileExec894351849.dir/CheckSymbolExists.c.o  -o cmTryCompileExec894351849 -rdynamic 
CMakeFiles/cmTryCompileExec894351849.dir/CheckSymbolExists.c.o: In function `main':
CheckSymbolExists.c:(.text+0x38): undefined reference to `pthread_create'
collect2: error: ld returned 1 exit status
CMakeFiles/cmTryCompileExec894351849.dir/build.make:88: recipe for target 'cmTryCompileExec894351849' failed
make[1]: *** [cmTryCompileExec894351849] Error 1
make[1]: Leaving directory '/home/pi/ros_catkin_ws/build_isolated/rosout/CMakeFiles/CMakeTmp'
Makefile:118: recipe for target 'cmTryCompileExec894351849/fast' failed
make: *** [cmTryCompileExec894351849/fast] Error 2

File /home/pi/ros_catkin_ws/build_isolated/rosout/CMakeFiles/CMakeTmp/CheckSymbolExists.c:
/* */
#include <pthread.h>

int main(int argc, char** argv)
{
  (void)argv;
#ifndef pthread_create
  return ((int*)(&pthread_create))[argc];
#else
  (void)argc;
  return 0;
#endif
}

Determining if the function pthread_create exists in the pthreads failed with the following output:
Change Dir: /home/pi/ros_catkin_ws/build_isolated/rosout/CMakeFiles/CMakeTmp

Run Build Command:"/usr/bin/make" "cmTryCompileExec40627751/fast"
/usr/bin/make -f CMakeFiles/cmTryCompileExec40627751.dir/build.make CMakeFiles/cmTryCompileExec40627751.dir/build
make[1]: Entering directory '/home/pi/ros_catkin_ws/build_isolated/rosout/CMakeFiles/CMakeTmp'
/usr/bin/cmake -E cmake_progress_report /home/pi/ros_catkin_ws/build_isolated/rosout/CMakeFiles/CMakeTmp/CMakeFiles 1
Building C object CMakeFiles/cmTryCompileExec40627751.dir/CheckFunctionExists.c.o
/usr/bin/cc   -DCHECK_FUNCTION_EXISTS=pthread_create   -o CMakeFiles/cmTryCompileExec40627751.dir/CheckFunctionExists.c.o   -c /usr/share/cmake-3.0/Modules/CheckFunctionExists.c
Linking C executable cmTryCompileExec40627751
/usr/bin/cmake -E cmake_link_script CMakeFiles/cmTryCompileExec40627751.dir/link.txt --verbose=1
/usr/bin/cc   -DCHECK_FUNCTION_EXISTS=pthread_create    CMakeFiles/cmTryCompileExec40627751.dir/CheckFunctionExists.c.o  -o cmTryCompileExec40627751 -rdynamic -lpthreads 
/usr/bin/ld: cannot find -lpthreads
collect2: error: ld returned 1 exit status
CMakeFiles/cmTryCompileExec40627751.dir/build.make:88: recipe for target 'cmTryCompileExec40627751' failed
make[1]: Leaving directory '/home/pi/ros_catkin_ws/build_isolated/rosout/CMakeFiles/CMakeTmp'
make[1]: *** [cmTryCompileExec40627751] Error 1
Makefile:118: recipe for target 'cmTryCompileExec40627751/fast' failed
make: *** [cmTryCompileExec40627751/fast] Error 2


