Determining if the pthread_create exist failed with the following output:
Change Dir: /home/pi/ros_catkin_ws/build_isolated/stereo_image_proc/CMakeFiles/CMakeTmp

Run Build Command:"/usr/bin/make" "cmTryCompileExec2483752854/fast"
/usr/bin/make -f CMakeFiles/cmTryCompileExec2483752854.dir/build.make CMakeFiles/cmTryCompileExec2483752854.dir/build
make[1]: Entering directory '/home/pi/ros_catkin_ws/build_isolated/stereo_image_proc/CMakeFiles/CMakeTmp'
/usr/bin/cmake -E cmake_progress_report /home/pi/ros_catkin_ws/build_isolated/stereo_image_proc/CMakeFiles/CMakeTmp/CMakeFiles 1
Building C object CMakeFiles/cmTryCompileExec2483752854.dir/CheckSymbolExists.c.o
/usr/bin/cc    -o CMakeFiles/cmTryCompileExec2483752854.dir/CheckSymbolExists.c.o   -c /home/pi/ros_catkin_ws/build_isolated/stereo_image_proc/CMakeFiles/CMakeTmp/CheckSymbolExists.c
Linking C executable cmTryCompileExec2483752854
/usr/bin/cmake -E cmake_link_script CMakeFiles/cmTryCompileExec2483752854.dir/link.txt --verbose=1
/usr/bin/cc       CMakeFiles/cmTryCompileExec2483752854.dir/CheckSymbolExists.c.o  -o cmTryCompileExec2483752854 -rdynamic 
CMakeFiles/cmTryCompileExec2483752854.dir/CheckSymbolExists.c.o: In function `main':
CheckSymbolExists.c:(.text+0x38): undefined reference to `pthread_create'
collect2: error: ld returned 1 exit status
CMakeFiles/cmTryCompileExec2483752854.dir/build.make:88: recipe for target 'cmTryCompileExec2483752854' failed
make[1]: Leaving directory '/home/pi/ros_catkin_ws/build_isolated/stereo_image_proc/CMakeFiles/CMakeTmp'
make[1]: *** [cmTryCompileExec2483752854] Error 1
Makefile:118: recipe for target 'cmTryCompileExec2483752854/fast' failed
make: *** [cmTryCompileExec2483752854/fast] Error 2

File /home/pi/ros_catkin_ws/build_isolated/stereo_image_proc/CMakeFiles/CMakeTmp/CheckSymbolExists.c:
/* */
#include <pthread.h>

int main(int argc, char** argv)
{
  (void)argv;
#ifndef pthread_create
  return ((int*)(&pthread_create))[argc];
#else
  (void)argc;
  return 0;
#endif
}

Determining if the function pthread_create exists in the pthreads failed with the following output:
Change Dir: /home/pi/ros_catkin_ws/build_isolated/stereo_image_proc/CMakeFiles/CMakeTmp

Run Build Command:"/usr/bin/make" "cmTryCompileExec3092895436/fast"
/usr/bin/make -f CMakeFiles/cmTryCompileExec3092895436.dir/build.make CMakeFiles/cmTryCompileExec3092895436.dir/build
make[1]: Entering directory '/home/pi/ros_catkin_ws/build_isolated/stereo_image_proc/CMakeFiles/CMakeTmp'
/usr/bin/cmake -E cmake_progress_report /home/pi/ros_catkin_ws/build_isolated/stereo_image_proc/CMakeFiles/CMakeTmp/CMakeFiles 1
Building C object CMakeFiles/cmTryCompileExec3092895436.dir/CheckFunctionExists.c.o
/usr/bin/cc   -DCHECK_FUNCTION_EXISTS=pthread_create   -o CMakeFiles/cmTryCompileExec3092895436.dir/CheckFunctionExists.c.o   -c /usr/share/cmake-3.0/Modules/CheckFunctionExists.c
Linking C executable cmTryCompileExec3092895436
/usr/bin/cmake -E cmake_link_script CMakeFiles/cmTryCompileExec3092895436.dir/link.txt --verbose=1
/usr/bin/cc   -DCHECK_FUNCTION_EXISTS=pthread_create    CMakeFiles/cmTryCompileExec3092895436.dir/CheckFunctionExists.c.o  -o cmTryCompileExec3092895436 -rdynamic -lpthreads 
/usr/bin/ld: cannot find -lpthreads
collect2: error: ld returned 1 exit status
CMakeFiles/cmTryCompileExec3092895436.dir/build.make:88: recipe for target 'cmTryCompileExec3092895436' failed
make[1]: Leaving directory '/home/pi/ros_catkin_ws/build_isolated/stereo_image_proc/CMakeFiles/CMakeTmp'
make[1]: *** [cmTryCompileExec3092895436] Error 1
Makefile:118: recipe for target 'cmTryCompileExec3092895436/fast' failed
make: *** [cmTryCompileExec3092895436/fast] Error 2


