Determining if the pthread_create exist failed with the following output:
Change Dir: /home/pi/ros_catkin_ws/build_isolated/cpp_common/CMakeFiles/CMakeTmp

Run Build Command:"/usr/bin/make" "cmTryCompileExec3976012756/fast"
/usr/bin/make -f CMakeFiles/cmTryCompileExec3976012756.dir/build.make CMakeFiles/cmTryCompileExec3976012756.dir/build
make[1]: Entering directory '/home/pi/ros_catkin_ws/build_isolated/cpp_common/CMakeFiles/CMakeTmp'
/usr/bin/cmake -E cmake_progress_report /home/pi/ros_catkin_ws/build_isolated/cpp_common/CMakeFiles/CMakeTmp/CMakeFiles 1
Building C object CMakeFiles/cmTryCompileExec3976012756.dir/CheckSymbolExists.c.o
/usr/bin/cc    -o CMakeFiles/cmTryCompileExec3976012756.dir/CheckSymbolExists.c.o   -c /home/pi/ros_catkin_ws/build_isolated/cpp_common/CMakeFiles/CMakeTmp/CheckSymbolExists.c
Linking C executable cmTryCompileExec3976012756
/usr/bin/cmake -E cmake_link_script CMakeFiles/cmTryCompileExec3976012756.dir/link.txt --verbose=1
/usr/bin/cc       CMakeFiles/cmTryCompileExec3976012756.dir/CheckSymbolExists.c.o  -o cmTryCompileExec3976012756 -rdynamic 
CMakeFiles/cmTryCompileExec3976012756.dir/CheckSymbolExists.c.o: In function `main':
CheckSymbolExists.c:(.text+0x38): undefined reference to `pthread_create'
collect2: error: ld returned 1 exit status
CMakeFiles/cmTryCompileExec3976012756.dir/build.make:88: recipe for target 'cmTryCompileExec3976012756' failed
make[1]: Leaving directory '/home/pi/ros_catkin_ws/build_isolated/cpp_common/CMakeFiles/CMakeTmp'
make[1]: *** [cmTryCompileExec3976012756] Error 1
Makefile:118: recipe for target 'cmTryCompileExec3976012756/fast' failed
make: *** [cmTryCompileExec3976012756/fast] Error 2

File /home/pi/ros_catkin_ws/build_isolated/cpp_common/CMakeFiles/CMakeTmp/CheckSymbolExists.c:
/* */
#include <pthread.h>

int main(int argc, char** argv)
{
  (void)argv;
#ifndef pthread_create
  return ((int*)(&pthread_create))[argc];
#else
  (void)argc;
  return 0;
#endif
}

Determining if the function pthread_create exists in the pthreads failed with the following output:
Change Dir: /home/pi/ros_catkin_ws/build_isolated/cpp_common/CMakeFiles/CMakeTmp

Run Build Command:"/usr/bin/make" "cmTryCompileExec3125685754/fast"
/usr/bin/make -f CMakeFiles/cmTryCompileExec3125685754.dir/build.make CMakeFiles/cmTryCompileExec3125685754.dir/build
make[1]: Entering directory '/home/pi/ros_catkin_ws/build_isolated/cpp_common/CMakeFiles/CMakeTmp'
/usr/bin/cmake -E cmake_progress_report /home/pi/ros_catkin_ws/build_isolated/cpp_common/CMakeFiles/CMakeTmp/CMakeFiles 1
Building C object CMakeFiles/cmTryCompileExec3125685754.dir/CheckFunctionExists.c.o
/usr/bin/cc   -DCHECK_FUNCTION_EXISTS=pthread_create   -o CMakeFiles/cmTryCompileExec3125685754.dir/CheckFunctionExists.c.o   -c /usr/share/cmake-3.0/Modules/CheckFunctionExists.c
Linking C executable cmTryCompileExec3125685754
/usr/bin/cmake -E cmake_link_script CMakeFiles/cmTryCompileExec3125685754.dir/link.txt --verbose=1
/usr/bin/cc   -DCHECK_FUNCTION_EXISTS=pthread_create    CMakeFiles/cmTryCompileExec3125685754.dir/CheckFunctionExists.c.o  -o cmTryCompileExec3125685754 -rdynamic -lpthreads 
/usr/bin/ld: cannot find -lpthreads
collect2: error: ld returned 1 exit status
CMakeFiles/cmTryCompileExec3125685754.dir/build.make:88: recipe for target 'cmTryCompileExec3125685754' failed
make[1]: Leaving directory '/home/pi/ros_catkin_ws/build_isolated/cpp_common/CMakeFiles/CMakeTmp'
make[1]: *** [cmTryCompileExec3125685754] Error 1
Makefile:118: recipe for target 'cmTryCompileExec3125685754/fast' failed
make: *** [cmTryCompileExec3125685754/fast] Error 2


Performing C++ SOURCE FILE Test HAVE_CXXABI_H failed with the following output:
Change Dir: /home/pi/ros_catkin_ws/build_isolated/cpp_common/CMakeFiles/CMakeTmp

Run Build Command:"/usr/bin/make" "cmTryCompileExec2184102925/fast"
/usr/bin/make -f CMakeFiles/cmTryCompileExec2184102925.dir/build.make CMakeFiles/cmTryCompileExec2184102925.dir/build
make[1]: Entering directory '/home/pi/ros_catkin_ws/build_isolated/cpp_common/CMakeFiles/CMakeTmp'
/usr/bin/cmake -E cmake_progress_report /home/pi/ros_catkin_ws/build_isolated/cpp_common/CMakeFiles/CMakeTmp/CMakeFiles 1
Building CXX object CMakeFiles/cmTryCompileExec2184102925.dir/src.cxx.o
/usr/bin/c++    -DHAVE_CXXABI_H   -o CMakeFiles/cmTryCompileExec2184102925.dir/src.cxx.o -c /home/pi/ros_catkin_ws/build_isolated/cpp_common/CMakeFiles/CMakeTmp/src.cxx
/home/pi/ros_catkin_ws/build_isolated/cpp_common/CMakeFiles/CMakeTmp/src.cxx:2:8: error: expected constructor, destructor, or type conversion before '(' token
 intmain(intargc,char**argv){}
        ^
CMakeFiles/cmTryCompileExec2184102925.dir/build.make:57: recipe for target 'CMakeFiles/cmTryCompileExec2184102925.dir/src.cxx.o' failed
make[1]: Leaving directory '/home/pi/ros_catkin_ws/build_isolated/cpp_common/CMakeFiles/CMakeTmp'
make[1]: *** [CMakeFiles/cmTryCompileExec2184102925.dir/src.cxx.o] Error 1
Makefile:118: recipe for target 'cmTryCompileExec2184102925/fast' failed
make: *** [cmTryCompileExec2184102925/fast] Error 2

Source file was:
#include<cxxabi.h>
intmain(intargc,char**argv){}
