Determining if the pthread_create exist failed with the following output:
Change Dir: /home/pi/ros_catkin_ws/build_isolated/image_proc/CMakeFiles/CMakeTmp

Run Build Command:"/usr/bin/make" "cmTryCompileExec4072516678/fast"
/usr/bin/make -f CMakeFiles/cmTryCompileExec4072516678.dir/build.make CMakeFiles/cmTryCompileExec4072516678.dir/build
make[1]: Entering directory '/home/pi/ros_catkin_ws/build_isolated/image_proc/CMakeFiles/CMakeTmp'
/usr/bin/cmake -E cmake_progress_report /home/pi/ros_catkin_ws/build_isolated/image_proc/CMakeFiles/CMakeTmp/CMakeFiles 1
Building C object CMakeFiles/cmTryCompileExec4072516678.dir/CheckSymbolExists.c.o
/usr/bin/cc    -o CMakeFiles/cmTryCompileExec4072516678.dir/CheckSymbolExists.c.o   -c /home/pi/ros_catkin_ws/build_isolated/image_proc/CMakeFiles/CMakeTmp/CheckSymbolExists.c
Linking C executable cmTryCompileExec4072516678
/usr/bin/cmake -E cmake_link_script CMakeFiles/cmTryCompileExec4072516678.dir/link.txt --verbose=1
/usr/bin/cc       CMakeFiles/cmTryCompileExec4072516678.dir/CheckSymbolExists.c.o  -o cmTryCompileExec4072516678 -rdynamic 
CMakeFiles/cmTryCompileExec4072516678.dir/CheckSymbolExists.c.o: In function `main':
CheckSymbolExists.c:(.text+0x38): undefined reference to `pthread_create'
collect2: error: ld returned 1 exit status
CMakeFiles/cmTryCompileExec4072516678.dir/build.make:88: recipe for target 'cmTryCompileExec4072516678' failed
make[1]: Leaving directory '/home/pi/ros_catkin_ws/build_isolated/image_proc/CMakeFiles/CMakeTmp'
make[1]: *** [cmTryCompileExec4072516678] Error 1
Makefile:118: recipe for target 'cmTryCompileExec4072516678/fast' failed
make: *** [cmTryCompileExec4072516678/fast] Error 2

File /home/pi/ros_catkin_ws/build_isolated/image_proc/CMakeFiles/CMakeTmp/CheckSymbolExists.c:
/* */
#include <pthread.h>

int main(int argc, char** argv)
{
  (void)argv;
#ifndef pthread_create
  return ((int*)(&pthread_create))[argc];
#else
  (void)argc;
  return 0;
#endif
}

Determining if the function pthread_create exists in the pthreads failed with the following output:
Change Dir: /home/pi/ros_catkin_ws/build_isolated/image_proc/CMakeFiles/CMakeTmp

Run Build Command:"/usr/bin/make" "cmTryCompileExec469373687/fast"
/usr/bin/make -f CMakeFiles/cmTryCompileExec469373687.dir/build.make CMakeFiles/cmTryCompileExec469373687.dir/build
make[1]: Entering directory '/home/pi/ros_catkin_ws/build_isolated/image_proc/CMakeFiles/CMakeTmp'
/usr/bin/cmake -E cmake_progress_report /home/pi/ros_catkin_ws/build_isolated/image_proc/CMakeFiles/CMakeTmp/CMakeFiles 1
Building C object CMakeFiles/cmTryCompileExec469373687.dir/CheckFunctionExists.c.o
/usr/bin/cc   -DCHECK_FUNCTION_EXISTS=pthread_create   -o CMakeFiles/cmTryCompileExec469373687.dir/CheckFunctionExists.c.o   -c /usr/share/cmake-3.0/Modules/CheckFunctionExists.c
Linking C executable cmTryCompileExec469373687
/usr/bin/cmake -E cmake_link_script CMakeFiles/cmTryCompileExec469373687.dir/link.txt --verbose=1
/usr/bin/cc   -DCHECK_FUNCTION_EXISTS=pthread_create    CMakeFiles/cmTryCompileExec469373687.dir/CheckFunctionExists.c.o  -o cmTryCompileExec469373687 -rdynamic -lpthreads 
/usr/bin/ld: cannot find -lpthreads
collect2: error: ld returned 1 exit status
CMakeFiles/cmTryCompileExec469373687.dir/build.make:88: recipe for target 'cmTryCompileExec469373687' failed
make[1]: Leaving directory '/home/pi/ros_catkin_ws/build_isolated/image_proc/CMakeFiles/CMakeTmp'
make[1]: *** [cmTryCompileExec469373687] Error 1
Makefile:118: recipe for target 'cmTryCompileExec469373687/fast' failed
make: *** [cmTryCompileExec469373687/fast] Error 2


