Determining if the pthread_create exist failed with the following output:
Change Dir: /home/pi/ros_catkin_ws/build_isolated/rosmaster/CMakeFiles/CMakeTmp

Run Build Command:"/usr/bin/make" "cmTryCompileExec1154224710/fast"
/usr/bin/make -f CMakeFiles/cmTryCompileExec1154224710.dir/build.make CMakeFiles/cmTryCompileExec1154224710.dir/build
make[1]: Entering directory '/home/pi/ros_catkin_ws/build_isolated/rosmaster/CMakeFiles/CMakeTmp'
/usr/bin/cmake -E cmake_progress_report /home/pi/ros_catkin_ws/build_isolated/rosmaster/CMakeFiles/CMakeTmp/CMakeFiles 1
Building C object CMakeFiles/cmTryCompileExec1154224710.dir/CheckSymbolExists.c.o
/usr/bin/cc    -o CMakeFiles/cmTryCompileExec1154224710.dir/CheckSymbolExists.c.o   -c /home/pi/ros_catkin_ws/build_isolated/rosmaster/CMakeFiles/CMakeTmp/CheckSymbolExists.c
Linking C executable cmTryCompileExec1154224710
/usr/bin/cmake -E cmake_link_script CMakeFiles/cmTryCompileExec1154224710.dir/link.txt --verbose=1
/usr/bin/cc       CMakeFiles/cmTryCompileExec1154224710.dir/CheckSymbolExists.c.o  -o cmTryCompileExec1154224710 -rdynamic 
CMakeFiles/cmTryCompileExec1154224710.dir/CheckSymbolExists.c.o: In function `main':
CheckSymbolExists.c:(.text+0x38): undefined reference to `pthread_create'
collect2: error: ld returned 1 exit status
CMakeFiles/cmTryCompileExec1154224710.dir/build.make:88: recipe for target 'cmTryCompileExec1154224710' failed
make[1]: Leaving directory '/home/pi/ros_catkin_ws/build_isolated/rosmaster/CMakeFiles/CMakeTmp'
make[1]: *** [cmTryCompileExec1154224710] Error 1
Makefile:118: recipe for target 'cmTryCompileExec1154224710/fast' failed
make: *** [cmTryCompileExec1154224710/fast] Error 2

File /home/pi/ros_catkin_ws/build_isolated/rosmaster/CMakeFiles/CMakeTmp/CheckSymbolExists.c:
/* */
#include <pthread.h>

int main(int argc, char** argv)
{
  (void)argv;
#ifndef pthread_create
  return ((int*)(&pthread_create))[argc];
#else
  (void)argc;
  return 0;
#endif
}

Determining if the function pthread_create exists in the pthreads failed with the following output:
Change Dir: /home/pi/ros_catkin_ws/build_isolated/rosmaster/CMakeFiles/CMakeTmp

Run Build Command:"/usr/bin/make" "cmTryCompileExec1514732954/fast"
/usr/bin/make -f CMakeFiles/cmTryCompileExec1514732954.dir/build.make CMakeFiles/cmTryCompileExec1514732954.dir/build
make[1]: Entering directory '/home/pi/ros_catkin_ws/build_isolated/rosmaster/CMakeFiles/CMakeTmp'
/usr/bin/cmake -E cmake_progress_report /home/pi/ros_catkin_ws/build_isolated/rosmaster/CMakeFiles/CMakeTmp/CMakeFiles 1
Building C object CMakeFiles/cmTryCompileExec1514732954.dir/CheckFunctionExists.c.o
/usr/bin/cc   -DCHECK_FUNCTION_EXISTS=pthread_create   -o CMakeFiles/cmTryCompileExec1514732954.dir/CheckFunctionExists.c.o   -c /usr/share/cmake-3.0/Modules/CheckFunctionExists.c
Linking C executable cmTryCompileExec1514732954
/usr/bin/cmake -E cmake_link_script CMakeFiles/cmTryCompileExec1514732954.dir/link.txt --verbose=1
/usr/bin/cc   -DCHECK_FUNCTION_EXISTS=pthread_create    CMakeFiles/cmTryCompileExec1514732954.dir/CheckFunctionExists.c.o  -o cmTryCompileExec1514732954 -rdynamic -lpthreads 
/usr/bin/ld: cannot find -lpthreads
collect2: error: ld returned 1 exit status
CMakeFiles/cmTryCompileExec1514732954.dir/build.make:88: recipe for target 'cmTryCompileExec1514732954' failed
make[1]: Leaving directory '/home/pi/ros_catkin_ws/build_isolated/rosmaster/CMakeFiles/CMakeTmp'
make[1]: *** [cmTryCompileExec1514732954] Error 1
Makefile:118: recipe for target 'cmTryCompileExec1514732954/fast' failed
make: *** [cmTryCompileExec1514732954/fast] Error 2


