Determining if the pthread_create exist failed with the following output:
Change Dir: /home/pi/ros_catkin_ws/build_isolated/bondcpp/CMakeFiles/CMakeTmp

Run Build Command:"/usr/bin/make" "cmTryCompileExec100640985/fast"
/usr/bin/make -f CMakeFiles/cmTryCompileExec100640985.dir/build.make CMakeFiles/cmTryCompileExec100640985.dir/build
make[1]: Entering directory '/home/pi/ros_catkin_ws/build_isolated/bondcpp/CMakeFiles/CMakeTmp'
/usr/bin/cmake -E cmake_progress_report /home/pi/ros_catkin_ws/build_isolated/bondcpp/CMakeFiles/CMakeTmp/CMakeFiles 1
Building C object CMakeFiles/cmTryCompileExec100640985.dir/CheckSymbolExists.c.o
/usr/bin/cc    -o CMakeFiles/cmTryCompileExec100640985.dir/CheckSymbolExists.c.o   -c /home/pi/ros_catkin_ws/build_isolated/bondcpp/CMakeFiles/CMakeTmp/CheckSymbolExists.c
Linking C executable cmTryCompileExec100640985
/usr/bin/cmake -E cmake_link_script CMakeFiles/cmTryCompileExec100640985.dir/link.txt --verbose=1
/usr/bin/cc       CMakeFiles/cmTryCompileExec100640985.dir/CheckSymbolExists.c.o  -o cmTryCompileExec100640985 -rdynamic 
CMakeFiles/cmTryCompileExec100640985.dir/CheckSymbolExists.c.o: In function `main':
CheckSymbolExists.c:(.text+0x38): undefined reference to `pthread_create'
collect2: error: ld returned 1 exit status
CMakeFiles/cmTryCompileExec100640985.dir/build.make:88: recipe for target 'cmTryCompileExec100640985' failed
make[1]: Leaving directory '/home/pi/ros_catkin_ws/build_isolated/bondcpp/CMakeFiles/CMakeTmp'
make[1]: *** [cmTryCompileExec100640985] Error 1
Makefile:118: recipe for target 'cmTryCompileExec100640985/fast' failed
make: *** [cmTryCompileExec100640985/fast] Error 2

File /home/pi/ros_catkin_ws/build_isolated/bondcpp/CMakeFiles/CMakeTmp/CheckSymbolExists.c:
/* */
#include <pthread.h>

int main(int argc, char** argv)
{
  (void)argv;
#ifndef pthread_create
  return ((int*)(&pthread_create))[argc];
#else
  (void)argc;
  return 0;
#endif
}

Determining if the function pthread_create exists in the pthreads failed with the following output:
Change Dir: /home/pi/ros_catkin_ws/build_isolated/bondcpp/CMakeFiles/CMakeTmp

Run Build Command:"/usr/bin/make" "cmTryCompileExec3178072951/fast"
/usr/bin/make -f CMakeFiles/cmTryCompileExec3178072951.dir/build.make CMakeFiles/cmTryCompileExec3178072951.dir/build
make[1]: Entering directory '/home/pi/ros_catkin_ws/build_isolated/bondcpp/CMakeFiles/CMakeTmp'
/usr/bin/cmake -E cmake_progress_report /home/pi/ros_catkin_ws/build_isolated/bondcpp/CMakeFiles/CMakeTmp/CMakeFiles 1
Building C object CMakeFiles/cmTryCompileExec3178072951.dir/CheckFunctionExists.c.o
/usr/bin/cc   -DCHECK_FUNCTION_EXISTS=pthread_create   -o CMakeFiles/cmTryCompileExec3178072951.dir/CheckFunctionExists.c.o   -c /usr/share/cmake-3.0/Modules/CheckFunctionExists.c
Linking C executable cmTryCompileExec3178072951
/usr/bin/cmake -E cmake_link_script CMakeFiles/cmTryCompileExec3178072951.dir/link.txt --verbose=1
/usr/bin/cc   -DCHECK_FUNCTION_EXISTS=pthread_create    CMakeFiles/cmTryCompileExec3178072951.dir/CheckFunctionExists.c.o  -o cmTryCompileExec3178072951 -rdynamic -lpthreads 
/usr/bin/ld: cannot find -lpthreads
collect2: error: ld returned 1 exit status
CMakeFiles/cmTryCompileExec3178072951.dir/build.make:88: recipe for target 'cmTryCompileExec3178072951' failed
make[1]: Leaving directory '/home/pi/ros_catkin_ws/build_isolated/bondcpp/CMakeFiles/CMakeTmp'
make[1]: *** [cmTryCompileExec3178072951] Error 1
Makefile:118: recipe for target 'cmTryCompileExec3178072951/fast' failed
make: *** [cmTryCompileExec3178072951/fast] Error 2


