Determining if the pthread_create exist failed with the following output:
Change Dir: /home/pi/ros_catkin_ws/build_isolated/tf2_msgs/CMakeFiles/CMakeTmp

Run Build Command:"/usr/bin/make" "cmTryCompileExec354432662/fast"
/usr/bin/make -f CMakeFiles/cmTryCompileExec354432662.dir/build.make CMakeFiles/cmTryCompileExec354432662.dir/build
make[1]: Entering directory '/home/pi/ros_catkin_ws/build_isolated/tf2_msgs/CMakeFiles/CMakeTmp'
/usr/bin/cmake -E cmake_progress_report /home/pi/ros_catkin_ws/build_isolated/tf2_msgs/CMakeFiles/CMakeTmp/CMakeFiles 1
Building C object CMakeFiles/cmTryCompileExec354432662.dir/CheckSymbolExists.c.o
/usr/bin/cc    -o CMakeFiles/cmTryCompileExec354432662.dir/CheckSymbolExists.c.o   -c /home/pi/ros_catkin_ws/build_isolated/tf2_msgs/CMakeFiles/CMakeTmp/CheckSymbolExists.c
Linking C executable cmTryCompileExec354432662
/usr/bin/cmake -E cmake_link_script CMakeFiles/cmTryCompileExec354432662.dir/link.txt --verbose=1
/usr/bin/cc       CMakeFiles/cmTryCompileExec354432662.dir/CheckSymbolExists.c.o  -o cmTryCompileExec354432662 -rdynamic 
CMakeFiles/cmTryCompileExec354432662.dir/CheckSymbolExists.c.o: In function `main':
CheckSymbolExists.c:(.text+0x38): undefined reference to `pthread_create'
collect2: error: ld returned 1 exit status
CMakeFiles/cmTryCompileExec354432662.dir/build.make:88: recipe for target 'cmTryCompileExec354432662' failed
make[1]: Leaving directory '/home/pi/ros_catkin_ws/build_isolated/tf2_msgs/CMakeFiles/CMakeTmp'
make[1]: *** [cmTryCompileExec354432662] Error 1
Makefile:118: recipe for target 'cmTryCompileExec354432662/fast' failed
make: *** [cmTryCompileExec354432662/fast] Error 2

File /home/pi/ros_catkin_ws/build_isolated/tf2_msgs/CMakeFiles/CMakeTmp/CheckSymbolExists.c:
/* */
#include <pthread.h>

int main(int argc, char** argv)
{
  (void)argv;
#ifndef pthread_create
  return ((int*)(&pthread_create))[argc];
#else
  (void)argc;
  return 0;
#endif
}

Determining if the function pthread_create exists in the pthreads failed with the following output:
Change Dir: /home/pi/ros_catkin_ws/build_isolated/tf2_msgs/CMakeFiles/CMakeTmp

Run Build Command:"/usr/bin/make" "cmTryCompileExec1718540670/fast"
/usr/bin/make -f CMakeFiles/cmTryCompileExec1718540670.dir/build.make CMakeFiles/cmTryCompileExec1718540670.dir/build
make[1]: Entering directory '/home/pi/ros_catkin_ws/build_isolated/tf2_msgs/CMakeFiles/CMakeTmp'
/usr/bin/cmake -E cmake_progress_report /home/pi/ros_catkin_ws/build_isolated/tf2_msgs/CMakeFiles/CMakeTmp/CMakeFiles 1
Building C object CMakeFiles/cmTryCompileExec1718540670.dir/CheckFunctionExists.c.o
/usr/bin/cc   -DCHECK_FUNCTION_EXISTS=pthread_create   -o CMakeFiles/cmTryCompileExec1718540670.dir/CheckFunctionExists.c.o   -c /usr/share/cmake-3.0/Modules/CheckFunctionExists.c
Linking C executable cmTryCompileExec1718540670
/usr/bin/cmake -E cmake_link_script CMakeFiles/cmTryCompileExec1718540670.dir/link.txt --verbose=1
/usr/bin/cc   -DCHECK_FUNCTION_EXISTS=pthread_create    CMakeFiles/cmTryCompileExec1718540670.dir/CheckFunctionExists.c.o  -o cmTryCompileExec1718540670 -rdynamic -lpthreads 
/usr/bin/ld: cannot find -lpthreads
collect2: error: ld returned 1 exit status
CMakeFiles/cmTryCompileExec1718540670.dir/build.make:88: recipe for target 'cmTryCompileExec1718540670' failed
make[1]: Leaving directory '/home/pi/ros_catkin_ws/build_isolated/tf2_msgs/CMakeFiles/CMakeTmp'
make[1]: *** [cmTryCompileExec1718540670] Error 1
Makefile:118: recipe for target 'cmTryCompileExec1718540670/fast' failed
make: *** [cmTryCompileExec1718540670/fast] Error 2


