Determining if the pthread_create exist failed with the following output:
Change Dir: /home/pi/ros_catkin_ws/build_isolated/rostest/CMakeFiles/CMakeTmp

Run Build Command:"/usr/bin/make" "cmTryCompileExec1143631749/fast"
/usr/bin/make -f CMakeFiles/cmTryCompileExec1143631749.dir/build.make CMakeFiles/cmTryCompileExec1143631749.dir/build
make[1]: Entering directory '/home/pi/ros_catkin_ws/build_isolated/rostest/CMakeFiles/CMakeTmp'
/usr/bin/cmake -E cmake_progress_report /home/pi/ros_catkin_ws/build_isolated/rostest/CMakeFiles/CMakeTmp/CMakeFiles 1
Building C object CMakeFiles/cmTryCompileExec1143631749.dir/CheckSymbolExists.c.o
/usr/bin/cc    -o CMakeFiles/cmTryCompileExec1143631749.dir/CheckSymbolExists.c.o   -c /home/pi/ros_catkin_ws/build_isolated/rostest/CMakeFiles/CMakeTmp/CheckSymbolExists.c
Linking C executable cmTryCompileExec1143631749
/usr/bin/cmake -E cmake_link_script CMakeFiles/cmTryCompileExec1143631749.dir/link.txt --verbose=1
/usr/bin/cc       CMakeFiles/cmTryCompileExec1143631749.dir/CheckSymbolExists.c.o  -o cmTryCompileExec1143631749 -rdynamic 
CMakeFiles/cmTryCompileExec1143631749.dir/CheckSymbolExists.c.o: In function `main':
CheckSymbolExists.c:(.text+0x38): undefined reference to `pthread_create'
collect2: error: ld returned 1 exit status
CMakeFiles/cmTryCompileExec1143631749.dir/build.make:88: recipe for target 'cmTryCompileExec1143631749' failed
make[1]: Leaving directory '/home/pi/ros_catkin_ws/build_isolated/rostest/CMakeFiles/CMakeTmp'
make[1]: *** [cmTryCompileExec1143631749] Error 1
Makefile:118: recipe for target 'cmTryCompileExec1143631749/fast' failed
make: *** [cmTryCompileExec1143631749/fast] Error 2

File /home/pi/ros_catkin_ws/build_isolated/rostest/CMakeFiles/CMakeTmp/CheckSymbolExists.c:
/* */
#include <pthread.h>

int main(int argc, char** argv)
{
  (void)argv;
#ifndef pthread_create
  return ((int*)(&pthread_create))[argc];
#else
  (void)argc;
  return 0;
#endif
}

Determining if the function pthread_create exists in the pthreads failed with the following output:
Change Dir: /home/pi/ros_catkin_ws/build_isolated/rostest/CMakeFiles/CMakeTmp

Run Build Command:"/usr/bin/make" "cmTryCompileExec2549921149/fast"
/usr/bin/make -f CMakeFiles/cmTryCompileExec2549921149.dir/build.make CMakeFiles/cmTryCompileExec2549921149.dir/build
make[1]: Entering directory '/home/pi/ros_catkin_ws/build_isolated/rostest/CMakeFiles/CMakeTmp'
/usr/bin/cmake -E cmake_progress_report /home/pi/ros_catkin_ws/build_isolated/rostest/CMakeFiles/CMakeTmp/CMakeFiles 1
Building C object CMakeFiles/cmTryCompileExec2549921149.dir/CheckFunctionExists.c.o
/usr/bin/cc   -DCHECK_FUNCTION_EXISTS=pthread_create   -o CMakeFiles/cmTryCompileExec2549921149.dir/CheckFunctionExists.c.o   -c /usr/share/cmake-3.0/Modules/CheckFunctionExists.c
Linking C executable cmTryCompileExec2549921149
/usr/bin/cmake -E cmake_link_script CMakeFiles/cmTryCompileExec2549921149.dir/link.txt --verbose=1
/usr/bin/cc   -DCHECK_FUNCTION_EXISTS=pthread_create    CMakeFiles/cmTryCompileExec2549921149.dir/CheckFunctionExists.c.o  -o cmTryCompileExec2549921149 -rdynamic -lpthreads 
/usr/bin/ld: cannot find -lpthreads
collect2: error: ld returned 1 exit status
CMakeFiles/cmTryCompileExec2549921149.dir/build.make:88: recipe for target 'cmTryCompileExec2549921149' failed
make[1]: Leaving directory '/home/pi/ros_catkin_ws/build_isolated/rostest/CMakeFiles/CMakeTmp'
make[1]: *** [cmTryCompileExec2549921149] Error 1
Makefile:118: recipe for target 'cmTryCompileExec2549921149/fast' failed
make: *** [cmTryCompileExec2549921149/fast] Error 2


